<?xml version="1.0" encoding="UTF-8"?>
<!-- Generated by org.testng.reporters.JUnitReportReporter -->
<testsuite hostname="LAPTOP-AMDFCMQH" failures="0" tests="2" name="Practice.E2EPractice3.HomePageNavigation" time="15.644" errors="0" timestamp="2020-09-09T20:48:43 IST" skipped="0">
  <testcase classname="Practice.E2EPractice3.HomePageNavigation" name="navigateHomePage" time="12.991"/>
  <system-out/>
  <testcase classname="Practice.E2EPractice3.HomePageNavigation" name="navigateHomePage" time="2.653"/>
  <system-out/>
</testsuite> <!-- Practice.E2EPractice3.HomePageNavigation -->
