<?xml version="1.0" encoding="UTF-8"?>
<!-- Generated by org.testng.reporters.JUnitReportReporter -->
<testsuite hostname="LAPTOP-AMDFCMQH" failures="0" tests="2" name="Practice.E2EPractice3.HomePageNavigation" time="14.515" errors="0" timestamp="2020-09-10T00:43:21 IST" skipped="0">
  <testcase classname="Practice.E2EPractice3.HomePageNavigation" name="navigateHomePage" time="11.134"/>
  <system-out/>
  <testcase classname="Practice.E2EPractice3.HomePageNavigation" name="navigateHomePage" time="3.381"/>
  <system-out/>
</testsuite> <!-- Practice.E2EPractice3.HomePageNavigation -->
